Traceback (most recent call last):
  File "/home/yanyangji/anaconda3/envs/decdiff/lib/python3.8/site-packages/ml_logger/__init__.py", line 203, in thunk
    results = fn(*(args or ARGS), **_KWARGS)
  File "/home/yanyangji/research/RL/final/decision-diffuser/code/scripts/train.py", line 49, in main
    dataset = dataset_config()
  File "/home/yanyangji/research/RL/final/decision-diffuser/code/diffuser/utils/config.py", line 65, in __call__
    instance = self._class(*args, **kwargs, **self._dict)
  File "/home/yanyangji/research/RL/final/decision-diffuser/code/diffuser/datasets/sequence.py", line 33, in __init__
    for i, episode in enumerate(itr):
  File "/home/yanyangji/research/RL/final/decision-diffuser/code/diffuser/datasets/d4rl.py", line 113, in sequence_dataset
    target_task = list(env.tasks_to_complete)
  File "/home/yanyangji/anaconda3/envs/decdiff/lib/python3.8/site-packages/d4rl/utils/wrappers.py", line 43, in __getattr__
    return getattr(self._wrapped_env, attr)
AttributeError: 'OfflineHopperEnv' object has no attribute 'tasks_to_complete'
Traceback (most recent call last):
  File "/home/yanyangji/anaconda3/envs/decdiff/lib/python3.8/site-packages/ml_logger/__init__.py", line 203, in thunk
    results = fn(*(args or ARGS), **_KWARGS)
  File "/home/yanyangji/research/RL/final/decision-diffuser/code/scripts/train.py", line 163, in main
    batch = utils.batchify(dataset[0], Config.device)
  File "/home/yanyangji/research/RL/final/decision-diffuser/code/diffuser/utils/arrays.py", line 62, in batchify
    val = apply_dict(fn, val) if type(val) is dict else fn(val)
  File "/home/yanyangji/research/RL/final/decision-diffuser/code/diffuser/utils/arrays.py", line 57, in <lambda>
    fn = lambda x: to_torch(x[None], device=device)
  File "/home/yanyangji/research/RL/final/decision-diffuser/code/diffuser/utils/arrays.py", line 26, in to_torch
    return torch.tensor(x, dtype=dtype, device=device)
TypeError: can't convert np.ndarray of type numpy.object_. The only supported types are: float64, float32, float16, complex64, complex128, int64, int32, int16, int8, uint8, and bool.
